Error processing <2>
Error processing <b>
Error processing "b"
Error processing "a"
Error processing "3"
unintended_keystroke for Player: 1 typed in: z
unintended_keystroke for Player: 2 typed in: rh
unintended_keystroke for Player: 1 typed in: re
unintended_keystroke for Player: 2 typed in: rr
unintended_keystroke for Player: 1 typed in: 
unintended_keystroke for Player: 1 typed in: 
unintended_keystroke for Player: 2 typed in: rh
unintended_keystroke for Player: 2 typed in: rr
unintended_keystroke for Player: 2 typed in: rr
unintended_keystroke for Player: 1 typed in: rh
unintended_keystroke for Player: 1 typed in: rr
unintended_keystroke for Player: 1 typed in: 1
unintended_keystroke for Player: 2 typed in: rr
unintended_keystroke for Player: 1 typed in: rr
unintended_keystroke for Player: 3 typed in: 
unintended_keystroke for Player: 2 typed in: 
unintended_keystroke for Player: 1 typed in: rh
unintended_keystroke for Player: 3 typed in: rh
